[07/05/21 03:29 下午 ]Both license storage C:\Users\wenchuwang\AppData\Roaming\Embarcadero\.licenses\.cg_license and backup file are missing. Will create new ones.
[07/05/21 03:29 下午 ]----------------------------------------
[07/05/21 03:29 下午 ]Operating System: Windows
[07/05/21 03:29 下午 ]Current User: wenchuwang
[07/05/21 03:29 下午 ]System Registration Key: 6828543
[07/05/21 03:29 下午 ]User Lock: c:\users\wenchuwangwenchuwang
[07/05/21 03:29 下午 ]
[07/05/21 03:29 下午 ]----------------------------------------
[07/05/21 03:31 下午 ]----------------------------------------
[07/05/21 03:31 下午 ]Operating System: Windows
[07/05/21 03:31 下午 ]Current User: wenchuwang
[07/05/21 03:31 下午 ]System Registration Key: 6828543
[07/05/21 03:31 下午 ]User Lock: c:\users\wenchuwangwenchuwang
[07/05/21 03:31 下午 ]
[07/05/21 03:31 下午 ]----------------------------------------
[07/05/21 03:47 下午 ]----------------------------------------
[07/05/21 03:47 下午 ]Operating System: Windows
[07/05/21 03:47 下午 ]Current User: wenchuwang
[07/05/21 03:47 下午 ]System Registration Key: 6828543
[07/05/21 03:47 下午 ]User Lock: c:\users\wenchuwangwenchuwang
[07/05/21 03:47 下午 ]
[07/05/21 03:47 下午 ]----------------------------------------
[07/05/21 03:49 下午 ]----------------------------------------
[07/05/21 03:49 下午 ]Operating System: Windows
[07/05/21 03:49 下午 ]Current User: wenchuwang
[07/05/21 03:49 下午 ]System Registration Key: 6828543
[07/05/21 03:49 下午 ]User Lock: c:\users\wenchuwangwenchuwang
[07/05/21 03:49 下午 ]
[07/05/21 03:49 下午 ]----------------------------------------
